<?xml version="1.0" encoding="UTF-8"?>
<testsuite xmlns:xsi="http://www.w3.org/2001/XMLSchema-instance" xsi:noNamespaceSchemaLocation="https://maven.apache.org/surefire/maven-failsafe-plugin/xsd/failsafe-test-report.xsd" name="Validation of Products Page" time="15.622" tests="5" errors="0" skipped="0" failures="0">
  <properties>
    <property name="java.specification.version" value="15"/>
    <property name="webdriver.chrome.driver" value="/Users/naza/.cache/selenium/chromedriver/mac64/89.0.4389.23/chromedriver"/>
    <property name="sun.jnu.encoding" value="UTF-8"/>
    <property name="java.class.path" value="/Users/naza/Documents/homework/TechtorialCucumbber/target/test-classes:/Users/naza/Documents/homework/TechtorialCucumbber/target/TechtorialCucumbber-1.0-SNAPSHOT.jar:/Users/naza/.m2/repository/io/cucumber/cucumber-java/6.10.0/cucumber-java-6.10.0.jar:/Users/naza/.m2/repository/io/cucumber/cucumber-core/6.10.0/cucumber-core-6.10.0.jar:/Users/naza/.m2/repository/io/cucumber/cucumber-gherkin/6.10.0/cucumber-gherkin-6.10.0.jar:/Users/naza/.m2/repository/io/cucumber/cucumber-gherkin-messages/6.10.0/cucumber-gherkin-messages-6.10.0.jar:/Users/naza/.m2/repository/io/cucumber/messages/14.0.1/messages-14.0.1.jar:/Users/naza/.m2/repository/io/cucumber/tag-expressions/3.0.0/tag-expressions-3.0.0.jar:/Users/naza/.m2/repository/io/cucumber/cucumber-expressions/10.3.0/cucumber-expressions-10.3.0.jar:/Users/naza/.m2/repository/io/cucumber/datatable/3.5.0/datatable-3.5.0.jar:/Users/naza/.m2/repository/io/cucumber/cucumber-plugin/6.10.0/cucumber-plugin-6.10.0.jar:/Users/naza/.m2/repository/io/cucumber/docstring/6.10.0/docstring-6.10.0.jar:/Users/naza/.m2/repository/io/cucumber/html-formatter/12.0.0/html-formatter-12.0.0.jar:/Users/naza/.m2/repository/io/cucumber/create-meta/3.0.0/create-meta-3.0.0.jar:/Users/naza/.m2/repository/org/apiguardian/apiguardian-api/1.1.1/apiguardian-api-1.1.1.jar:/Users/naza/.m2/repository/junit/junit/4.12/junit-4.12.jar:/Users/naza/.m2/repository/org/hamcrest/hamcrest-core/1.3/hamcrest-core-1.3.jar:/Users/naza/.m2/repository/io/cucumber/cucumber-junit/6.10.0/cucumber-junit-6.10.0.jar:/Users/naza/.m2/repository/org/seleniumhq/selenium/selenium-java/3.141.59/selenium-java-3.141.59.jar:/Users/naza/.m2/repository/org/seleniumhq/selenium/selenium-api/3.141.59/selenium-api-3.141.59.jar:/Users/naza/.m2/repository/org/seleniumhq/selenium/selenium-chrome-driver/3.141.59/selenium-chrome-driver-3.141.59.jar:/Users/naza/.m2/repository/org/seleniumhq/selenium/selenium-edge-driver/3.141.59/selenium-edge-driver-3.141.59.jar:/Users/naza/.m2/repository/org/seleniumhq/selenium/selenium-firefox-driver/3.141.59/selenium-firefox-driver-3.141.59.jar:/Users/naza/.m2/repository/org/seleniumhq/selenium/selenium-ie-driver/3.141.59/selenium-ie-driver-3.141.59.jar:/Users/naza/.m2/repository/org/seleniumhq/selenium/selenium-opera-driver/3.141.59/selenium-opera-driver-3.141.59.jar:/Users/naza/.m2/repository/org/seleniumhq/selenium/selenium-remote-driver/3.141.59/selenium-remote-driver-3.141.59.jar:/Users/naza/.m2/repository/org/seleniumhq/selenium/selenium-safari-driver/3.141.59/selenium-safari-driver-3.141.59.jar:/Users/naza/.m2/repository/org/seleniumhq/selenium/selenium-support/3.141.59/selenium-support-3.141.59.jar:/Users/naza/.m2/repository/net/bytebuddy/byte-buddy/1.8.15/byte-buddy-1.8.15.jar:/Users/naza/.m2/repository/org/apache/commons/commons-exec/1.3/commons-exec-1.3.jar:/Users/naza/.m2/repository/com/google/guava/guava/25.0-jre/guava-25.0-jre.jar:/Users/naza/.m2/repository/com/google/code/findbugs/jsr305/1.3.9/jsr305-1.3.9.jar:/Users/naza/.m2/repository/org/checkerframework/checker-compat-qual/2.0.0/checker-compat-qual-2.0.0.jar:/Users/naza/.m2/repository/com/google/errorprone/error_prone_annotations/2.1.3/error_prone_annotations-2.1.3.jar:/Users/naza/.m2/repository/com/google/j2objc/j2objc-annotations/1.1/j2objc-annotations-1.1.jar:/Users/naza/.m2/repository/org/codehaus/mojo/animal-sniffer-annotations/1.14/animal-sniffer-annotations-1.14.jar:/Users/naza/.m2/repository/com/squareup/okhttp3/okhttp/3.11.0/okhttp-3.11.0.jar:/Users/naza/.m2/repository/com/squareup/okio/okio/1.14.0/okio-1.14.0.jar:/Users/naza/.m2/repository/io/github/bonigarcia/webdrivermanager/4.3.1/webdrivermanager-4.3.1.jar:/Users/naza/.m2/repository/org/slf4j/slf4j-api/1.7.30/slf4j-api-1.7.30.jar:/Users/naza/.m2/repository/commons-io/commons-io/2.8.0/commons-io-2.8.0.jar:/Users/naza/.m2/repository/com/google/code/gson/gson/2.8.6/gson-2.8.6.jar:/Users/naza/.m2/repository/org/apache/commons/commons-lang3/3.11/commons-lang3-3.11.jar:/Users/naza/.m2/repository/org/apache/httpcomponents/client5/httpclient5/5.0.3/httpclient5-5.0.3.jar:/Users/naza/.m2/repository/org/apache/httpcomponents/core5/httpcore5/5.0.2/httpcore5-5.0.2.jar:/Users/naza/.m2/repository/org/apache/httpcomponents/core5/httpcore5-h2/5.0.2/httpcore5-h2-5.0.2.jar:/Users/naza/.m2/repository/commons-codec/commons-codec/1.13/commons-codec-1.13.jar:/Users/naza/.m2/repository/org/rauschig/jarchivelib/1.1.0/jarchivelib-1.1.0.jar:/Users/naza/.m2/repository/org/apache/commons/commons-compress/1.20/commons-compress-1.20.jar:/Users/naza/.m2/repository/org/jsoup/jsoup/1.13.1/jsoup-1.13.1.jar:/Users/naza/.m2/repository/net/masterthought/cucumber-reporting/5.5.2/cucumber-reporting-5.5.2.jar:/Users/naza/.m2/repository/com/fasterxml/jackson/core/jackson-databind/2.12.1/jackson-databind-2.12.1.jar:/Users/naza/.m2/repository/com/fasterxml/jackson/core/jackson-annotations/2.12.1/jackson-annotations-2.12.1.jar:/Users/naza/.m2/repository/com/fasterxml/jackson/core/jackson-core/2.12.1/jackson-core-2.12.1.jar:/Users/naza/.m2/repository/com/fasterxml/jackson/datatype/jackson-datatype-jsr310/2.12.1/jackson-datatype-jsr310-2.12.1.jar:/Users/naza/.m2/repository/org/apache/velocity/velocity-engine-core/2.2/velocity-engine-core-2.2.jar:/Users/naza/.m2/repository/commons-collections/commons-collections/3.2.2/commons-collections-3.2.2.jar:/Users/naza/.m2/repository/joda-time/joda-time/2.10.9/joda-time-2.10.9.jar:/Users/naza/.m2/repository/org/codehaus/plexus/plexus-utils/3.3.0/plexus-utils-3.3.0.jar:/Users/naza/.m2/repository/com/googlecode/owasp-java-html-sanitizer/owasp-java-html-sanitizer/20200713.1/owasp-java-html-sanitizer-20200713.1.jar:/Users/naza/.m2/repository/commons-configuration/commons-configuration/1.10/commons-configuration-1.10.jar:/Users/naza/.m2/repository/commons-lang/commons-lang/2.6/commons-lang-2.6.jar:/Users/naza/.m2/repository/commons-logging/commons-logging/1.1.1/commons-logging-1.1.1.jar:"/>
    <property name="java.vm.vendor" value="Oracle Corporation"/>
    <property name="sun.arch.data.model" value="64"/>
    <property name="java.vendor.url" value="https://openjdk.java.net/"/>
    <property name="user.timezone" value="America/Chicago"/>
    <property name="os.name" value="Mac OS X"/>
    <property name="java.vm.specification.version" value="15"/>
    <property name="sun.java.launcher" value="SUN_STANDARD"/>
    <property name="user.country" value="US"/>
    <property name="sun.boot.library.path" value="/usr/local/Cellar/openjdk/15.0.2/libexec/openjdk.jdk/Contents/Home/lib"/>
    <property name="sun.java.command" value="/Users/naza/Documents/homework/TechtorialCucumbber/target/surefire/surefirebooter13737012761018773255.jar /Users/naza/Documents/homework/TechtorialCucumbber/target/surefire 2021-03-14T15-32-08_399-jvmRun3 surefire16896772384057991100tmp surefire_18891197012699827314tmp"/>
    <property name="http.nonProxyHosts" value="local|*.local|169.254/16|*.169.254/16"/>
    <property name="jdk.debug" value="release"/>
    <property name="surefire.test.class.path" value="/Users/naza/Documents/homework/TechtorialCucumbber/target/test-classes:/Users/naza/Documents/homework/TechtorialCucumbber/target/TechtorialCucumbber-1.0-SNAPSHOT.jar:/Users/naza/.m2/repository/io/cucumber/cucumber-java/6.10.0/cucumber-java-6.10.0.jar:/Users/naza/.m2/repository/io/cucumber/cucumber-core/6.10.0/cucumber-core-6.10.0.jar:/Users/naza/.m2/repository/io/cucumber/cucumber-gherkin/6.10.0/cucumber-gherkin-6.10.0.jar:/Users/naza/.m2/repository/io/cucumber/cucumber-gherkin-messages/6.10.0/cucumber-gherkin-messages-6.10.0.jar:/Users/naza/.m2/repository/io/cucumber/messages/14.0.1/messages-14.0.1.jar:/Users/naza/.m2/repository/io/cucumber/tag-expressions/3.0.0/tag-expressions-3.0.0.jar:/Users/naza/.m2/repository/io/cucumber/cucumber-expressions/10.3.0/cucumber-expressions-10.3.0.jar:/Users/naza/.m2/repository/io/cucumber/datatable/3.5.0/datatable-3.5.0.jar:/Users/naza/.m2/repository/io/cucumber/cucumber-plugin/6.10.0/cucumber-plugin-6.10.0.jar:/Users/naza/.m2/repository/io/cucumber/docstring/6.10.0/docstring-6.10.0.jar:/Users/naza/.m2/repository/io/cucumber/html-formatter/12.0.0/html-formatter-12.0.0.jar:/Users/naza/.m2/repository/io/cucumber/create-meta/3.0.0/create-meta-3.0.0.jar:/Users/naza/.m2/repository/org/apiguardian/apiguardian-api/1.1.1/apiguardian-api-1.1.1.jar:/Users/naza/.m2/repository/junit/junit/4.12/junit-4.12.jar:/Users/naza/.m2/repository/org/hamcrest/hamcrest-core/1.3/hamcrest-core-1.3.jar:/Users/naza/.m2/repository/io/cucumber/cucumber-junit/6.10.0/cucumber-junit-6.10.0.jar:/Users/naza/.m2/repository/org/seleniumhq/selenium/selenium-java/3.141.59/selenium-java-3.141.59.jar:/Users/naza/.m2/repository/org/seleniumhq/selenium/selenium-api/3.141.59/selenium-api-3.141.59.jar:/Users/naza/.m2/repository/org/seleniumhq/selenium/selenium-chrome-driver/3.141.59/selenium-chrome-driver-3.141.59.jar:/Users/naza/.m2/repository/org/seleniumhq/selenium/selenium-edge-driver/3.141.59/selenium-edge-driver-3.141.59.jar:/Users/naza/.m2/repository/org/seleniumhq/selenium/selenium-firefox-driver/3.141.59/selenium-firefox-driver-3.141.59.jar:/Users/naza/.m2/repository/org/seleniumhq/selenium/selenium-ie-driver/3.141.59/selenium-ie-driver-3.141.59.jar:/Users/naza/.m2/repository/org/seleniumhq/selenium/selenium-opera-driver/3.141.59/selenium-opera-driver-3.141.59.jar:/Users/naza/.m2/repository/org/seleniumhq/selenium/selenium-remote-driver/3.141.59/selenium-remote-driver-3.141.59.jar:/Users/naza/.m2/repository/org/seleniumhq/selenium/selenium-safari-driver/3.141.59/selenium-safari-driver-3.141.59.jar:/Users/naza/.m2/repository/org/seleniumhq/selenium/selenium-support/3.141.59/selenium-support-3.141.59.jar:/Users/naza/.m2/repository/net/bytebuddy/byte-buddy/1.8.15/byte-buddy-1.8.15.jar:/Users/naza/.m2/repository/org/apache/commons/commons-exec/1.3/commons-exec-1.3.jar:/Users/naza/.m2/repository/com/google/guava/guava/25.0-jre/guava-25.0-jre.jar:/Users/naza/.m2/repository/com/google/code/findbugs/jsr305/1.3.9/jsr305-1.3.9.jar:/Users/naza/.m2/repository/org/checkerframework/checker-compat-qual/2.0.0/checker-compat-qual-2.0.0.jar:/Users/naza/.m2/repository/com/google/errorprone/error_prone_annotations/2.1.3/error_prone_annotations-2.1.3.jar:/Users/naza/.m2/repository/com/google/j2objc/j2objc-annotations/1.1/j2objc-annotations-1.1.jar:/Users/naza/.m2/repository/org/codehaus/mojo/animal-sniffer-annotations/1.14/animal-sniffer-annotations-1.14.jar:/Users/naza/.m2/repository/com/squareup/okhttp3/okhttp/3.11.0/okhttp-3.11.0.jar:/Users/naza/.m2/repository/com/squareup/okio/okio/1.14.0/okio-1.14.0.jar:/Users/naza/.m2/repository/io/github/bonigarcia/webdrivermanager/4.3.1/webdrivermanager-4.3.1.jar:/Users/naza/.m2/repository/org/slf4j/slf4j-api/1.7.30/slf4j-api-1.7.30.jar:/Users/naza/.m2/repository/commons-io/commons-io/2.8.0/commons-io-2.8.0.jar:/Users/naza/.m2/repository/com/google/code/gson/gson/2.8.6/gson-2.8.6.jar:/Users/naza/.m2/repository/org/apache/commons/commons-lang3/3.11/commons-lang3-3.11.jar:/Users/naza/.m2/repository/org/apache/httpcomponents/client5/httpclient5/5.0.3/httpclient5-5.0.3.jar:/Users/naza/.m2/repository/org/apache/httpcomponents/core5/httpcore5/5.0.2/httpcore5-5.0.2.jar:/Users/naza/.m2/repository/org/apache/httpcomponents/core5/httpcore5-h2/5.0.2/httpcore5-h2-5.0.2.jar:/Users/naza/.m2/repository/commons-codec/commons-codec/1.13/commons-codec-1.13.jar:/Users/naza/.m2/repository/org/rauschig/jarchivelib/1.1.0/jarchivelib-1.1.0.jar:/Users/naza/.m2/repository/org/apache/commons/commons-compress/1.20/commons-compress-1.20.jar:/Users/naza/.m2/repository/org/jsoup/jsoup/1.13.1/jsoup-1.13.1.jar:/Users/naza/.m2/repository/net/masterthought/cucumber-reporting/5.5.2/cucumber-reporting-5.5.2.jar:/Users/naza/.m2/repository/com/fasterxml/jackson/core/jackson-databind/2.12.1/jackson-databind-2.12.1.jar:/Users/naza/.m2/repository/com/fasterxml/jackson/core/jackson-annotations/2.12.1/jackson-annotations-2.12.1.jar:/Users/naza/.m2/repository/com/fasterxml/jackson/core/jackson-core/2.12.1/jackson-core-2.12.1.jar:/Users/naza/.m2/repository/com/fasterxml/jackson/datatype/jackson-datatype-jsr310/2.12.1/jackson-datatype-jsr310-2.12.1.jar:/Users/naza/.m2/repository/org/apache/velocity/velocity-engine-core/2.2/velocity-engine-core-2.2.jar:/Users/naza/.m2/repository/commons-collections/commons-collections/3.2.2/commons-collections-3.2.2.jar:/Users/naza/.m2/repository/joda-time/joda-time/2.10.9/joda-time-2.10.9.jar:/Users/naza/.m2/repository/org/codehaus/plexus/plexus-utils/3.3.0/plexus-utils-3.3.0.jar:/Users/naza/.m2/repository/com/googlecode/owasp-java-html-sanitizer/owasp-java-html-sanitizer/20200713.1/owasp-java-html-sanitizer-20200713.1.jar:/Users/naza/.m2/repository/commons-configuration/commons-configuration/1.10/commons-configuration-1.10.jar:/Users/naza/.m2/repository/commons-lang/commons-lang/2.6/commons-lang-2.6.jar:/Users/naza/.m2/repository/commons-logging/commons-logging/1.1.1/commons-logging-1.1.1.jar:"/>
    <property name="sun.cpu.endian" value="little"/>
    <property name="user.home" value="/Users/naza"/>
    <property name="user.language" value="en"/>
    <property name="java.specification.vendor" value="Oracle Corporation"/>
    <property name="java.version.date" value="2021-01-19"/>
    <property name="java.home" value="/usr/local/Cellar/openjdk/15.0.2/libexec/openjdk.jdk/Contents/Home"/>
    <property name="file.separator" value="/"/>
    <property name="basedir" value="/Users/naza/Documents/homework/TechtorialCucumbber"/>
    <property name="java.vm.compressedOopsMode" value="Zero based"/>
    <property name="line.separator" value="&#10;"/>
    <property name="java.specification.name" value="Java Platform API Specification"/>
    <property name="java.vm.specification.vendor" value="Oracle Corporation"/>
    <property name="surefire.real.class.path" value="/Users/naza/Documents/homework/TechtorialCucumbber/target/surefire/surefirebooter13737012761018773255.jar"/>
    <property name="sun.management.compiler" value="HotSpot 64-Bit Tiered Compilers"/>
    <property name="ftp.nonProxyHosts" value="local|*.local|169.254/16|*.169.254/16"/>
    <property name="java.runtime.version" value="15.0.2+7"/>
    <property name="user.name" value="tima"/>
    <property name="path.separator" value=":"/>
    <property name="os.version" value="10.15.6"/>
    <property name="java.runtime.name" value="OpenJDK Runtime Environment"/>
    <property name="file.encoding" value="UTF-8"/>
    <property name="java.vm.name" value="OpenJDK 64-Bit Server VM"/>
    <property name="localRepository" value="/Users/naza/.m2/repository"/>
    <property name="java.vendor.url.bug" value="https://bugreport.java.com/bugreport/"/>
    <property name="java.io.tmpdir" value="/var/folders/nf/t0vk2bzs55v9z9kq3fdr5gmh0000gn/T/"/>
    <property name="java.version" value="15.0.2"/>
    <property name="user.dir" value="/Users/naza/Documents/homework/TechtorialCucumbber"/>
    <property name="os.arch" value="x86_64"/>
    <property name="java.vm.specification.name" value="Java Virtual Machine Specification"/>
    <property name="java.library.path" value="/Users/naza/Library/Java/Extensions:/Library/Java/Extensions:/Network/Library/Java/Extensions:/System/Library/Java/Extensions:/usr/lib/java:."/>
    <property name="java.vm.info" value="mixed mode, sharing"/>
    <property name="java.vendor" value="N/A"/>
    <property name="java.vm.version" value="15.0.2+7"/>
    <property name="sun.io.unicode.encoding" value="UnicodeBig"/>
    <property name="socksNonProxyHosts" value="local|*.local|169.254/16|*.169.254/16"/>
    <property name="java.class.version" value="59.0"/>
  </properties>
  <testcase name="Validation of New Product Creation #1" classname="Validation of Products Page" time="6.808"/>
  <testcase name="Validation of New Product Creation #2" classname="Validation of Products Page" time="2.317"/>
  <testcase name="Validation of New Product Creation #3" classname="Validation of Products Page" time="2.603"/>
  <testcase name="Validation of New Product Creation #4" classname="Validation of Products Page" time="2.037"/>
  <testcase name="Validation of New Product Creation #5" classname="Validation of Products Page" time="1.855"/>
</testsuite>